<?xml version="1.0" encoding="UTF-8"?>
<testng-results ignored="0" total="2" passed="2" failed="0" skipped="0">
  <reporter-output>
  </reporter-output>
  <suite started-at="2023-11-30T23:02:45 IST" name="Default suite" finished-at="2023-11-30T23:02:45 IST" duration-ms="120">
    <groups>
    </groups>
    <test started-at="2023-11-30T23:02:45 IST" name="Default test" finished-at="2023-11-30T23:02:45 IST" duration-ms="120">
      <class name="stepDefinition.NewTest">
        <test-method is-config="true" signature="beforeSuite()[pri:0, instance:stepDefinition.NewTest@279fedbd]" started-at="2023-11-30T23:02:45 IST" name="beforeSuite" finished-at="2023-11-30T23:02:45 IST" duration-ms="17" status="PASS">
          <reporter-output>
          </reporter-output>
        </test-method> <!-- beforeSuite -->
        <test-method is-config="true" signature="beforeTest()[pri:0, instance:stepDefinition.NewTest@279fedbd]" started-at="2023-11-30T23:02:45 IST" name="beforeTest" finished-at="2023-11-30T23:02:45 IST" duration-ms="1" status="PASS">
          <reporter-output>
          </reporter-output>
        </test-method> <!-- beforeTest -->
        <test-method is-config="true" signature="beforeClass()[pri:0, instance:stepDefinition.NewTest@279fedbd]" started-at="2023-11-30T23:02:45 IST" name="beforeClass" finished-at="2023-11-30T23:02:45 IST" duration-ms="1" status="PASS">
          <reporter-output>
          </reporter-output>
        </test-method> <!-- beforeClass -->
        <test-method is-config="true" signature="beforeMethod()[pri:0, instance:stepDefinition.NewTest@279fedbd]" started-at="2023-11-30T23:02:45 IST" name="beforeMethod" finished-at="2023-11-30T23:02:45 IST" duration-ms="1" status="PASS">
          <reporter-output>
          </reporter-output>
        </test-method> <!-- beforeMethod -->
        <test-method signature="f()[pri:0, instance:stepDefinition.NewTest@279fedbd]" started-at="2023-11-30T23:02:45 IST" name="f" finished-at="2023-11-30T23:02:45 IST" duration-ms="12" status="PASS">
          <reporter-output>
          </reporter-output>
        </test-method> <!-- f -->
        <test-method is-config="true" signature="afterMethod()[pri:0, instance:stepDefinition.NewTest@279fedbd]" started-at="2023-11-30T23:02:45 IST" name="afterMethod" finished-at="2023-11-30T23:02:45 IST" duration-ms="1" status="PASS">
          <reporter-output>
          </reporter-output>
        </test-method> <!-- afterMethod -->
        <test-method is-config="true" signature="beforeMethod()[pri:0, instance:stepDefinition.NewTest@279fedbd]" started-at="2023-11-30T23:02:45 IST" name="beforeMethod" finished-at="2023-11-30T23:02:45 IST" duration-ms="1" status="PASS">
          <reporter-output>
          </reporter-output>
        </test-method> <!-- beforeMethod -->
        <test-method signature="f1()[pri:0, instance:stepDefinition.NewTest@279fedbd]" started-at="2023-11-30T23:02:45 IST" name="f1" finished-at="2023-11-30T23:02:45 IST" duration-ms="4" status="PASS">
          <reporter-output>
          </reporter-output>
        </test-method> <!-- f1 -->
        <test-method is-config="true" signature="afterMethod()[pri:0, instance:stepDefinition.NewTest@279fedbd]" started-at="2023-11-30T23:02:45 IST" name="afterMethod" finished-at="2023-11-30T23:02:45 IST" duration-ms="2" status="PASS">
          <reporter-output>
          </reporter-output>
        </test-method> <!-- afterMethod -->
        <test-method is-config="true" signature="afterClass()[pri:0, instance:stepDefinition.NewTest@279fedbd]" started-at="2023-11-30T23:02:45 IST" name="afterClass" finished-at="2023-11-30T23:02:45 IST" duration-ms="1" status="PASS">
          <reporter-output>
          </reporter-output>
        </test-method> <!-- afterClass -->
        <test-method is-config="true" signature="afterTest()[pri:0, instance:stepDefinition.NewTest@279fedbd]" started-at="2023-11-30T23:02:45 IST" name="afterTest" finished-at="2023-11-30T23:02:45 IST" duration-ms="3" status="PASS">
          <reporter-output>
          </reporter-output>
        </test-method> <!-- afterTest -->
        <test-method is-config="true" signature="afterSuite()[pri:0, instance:stepDefinition.NewTest@279fedbd]" started-at="2023-11-30T23:02:45 IST" name="afterSuite" finished-at="2023-11-30T23:02:45 IST" duration-ms="1" status="PASS">
          <reporter-output>
          </reporter-output>
        </test-method> <!-- afterSuite -->
      </class> <!-- stepDefinition.NewTest -->
    </test> <!-- Default test -->
  </suite> <!-- Default suite -->
</testng-results>
